Using pre-set license
Built from '2022.3/china_unity/release' branch; Version is '2022.3.42f1c1 (d3f79ae33604) revision 13891482'; Using compiler version '192829333'; Build Type 'Release'
OS: 'Windows 11  (10.0.22631) 64bit CoreCountrySpecific' Language: 'zh' Physical Memory: 16176 MB
BatchMode: 1, IsHumanControllingUs: 0, StartBugReporterOnCrash: 0, Is64bit: 1, IsPro: 1

COMMAND LINE ARGUMENTS:
S:\Unity3D\2022.3.42f1c1\Editor\Unity.exe
-adb2
-batchMode
-noUpm
-name
AssetImportWorker2
-projectPath
C:/Users/Lenovo/Desktop/GitWorks/2112Project
-logFile
Logs/AssetImportWorker2.log
-srvPort
3256
Successfully changed project path to: C:/Users/Lenovo/Desktop/GitWorks/2112Project
C:/Users/Lenovo/Desktop/GitWorks/2112Project
[UnityMemory] Configuration Parameters - Can be set up in boot.config
    "memorysetup-bucket-allocator-granularity=16"
    "memorysetup-bucket-allocator-bucket-count=8"
    "memorysetup-bucket-allocator-block-size=33554432"
    "memorysetup-bucket-allocator-block-count=8"
    "memorysetup-main-allocator-block-size=16777216"
    "memorysetup-thread-allocator-block-size=16777216"
    "memorysetup-gfx-main-allocator-block-size=16777216"
    "memorysetup-gfx-thread-allocator-block-size=16777216"
    "memorysetup-cache-allocator-block-size=4194304"
    "memorysetup-typetree-allocator-block-size=2097152"
    "memorysetup-profiler-bucket-allocator-granularity=16"
    "memorysetup-profiler-bucket-allocator-bucket-count=8"
    "memorysetup-profiler-bucket-allocator-block-size=33554432"
    "memorysetup-profiler-bucket-allocator-block-count=8"
    "memorysetup-profiler-allocator-block-size=16777216"
    "memorysetup-profiler-editor-allocator-block-size=1048576"
    "memorysetup-temp-allocator-size-main=16777216"
    "memorysetup-job-temp-allocator-block-size=2097152"
    "memorysetup-job-temp-allocator-block-size-background=1048576"
    "memorysetup-job-temp-allocator-reduction-small-platforms=262144"
    "memorysetup-allocator-temp-initial-block-size-main=262144"
    "memorysetup-allocator-temp-initial-block-size-worker=262144"
    "memorysetup-temp-allocator-size-background-worker=32768"
    "memorysetup-temp-allocator-size-job-worker=262144"
    "memorysetup-temp-allocator-size-preload-manager=33554432"
    "memorysetup-temp-allocator-size-nav-mesh-worker=65536"
    "memorysetup-temp-allocator-size-audio-worker=65536"
    "memorysetup-temp-allocator-size-cloud-worker=32768"
    "memorysetup-temp-allocator-size-gi-baking-worker=262144"
    "memorysetup-temp-allocator-size-gfx=262144"
Player connection [25740]  Target information:

Player connection [25740]  * "[IP] 10.161.16.49 [Port] 0 [Flags] 2 [Guid] 2320655192 [EditorId] 2320655192 [Version] 1048832 [Id] WindowsEditor(7,LAPTOP-UU8HM43V) [Debug] 1 [PackageName] WindowsEditor [ProjectName] Editor" 

Player connection [25740] Host joined multi-casting on [225.0.0.222:54997]...
Player connection [25740] Host joined alternative multi-casting on [225.0.0.222:34997]...
[PhysX] Initialized MultithreadedTaskDispatcher with 16 workers.
Refreshing native plugins compatible for Editor in 2.15 ms, found 0 plugins.
Preloading 0 native plugins for Editor in 0.00 ms.
Initialize engine version: 2022.3.42f1c1 (d3f79ae33604)
[Subsystems] Discovering subsystems at path S:/Unity3D/2022.3.42f1c1/Editor/Data/Resources/UnitySubsystems
[Subsystems] Discovering subsystems at path C:/Users/Lenovo/Desktop/GitWorks/2112Project/Assets
GfxDevice: creating device client; threaded=0; jobified=0
Direct3D:
    Version:  Direct3D 11.0 [level 11.1]
    Renderer: NVIDIA GeForce RTX 3050 Laptop GPU (ID=0x25e2)
    Vendor:   NVIDIA
    VRAM:     3964 MB
    Driver:   31.0.15.5212
Initialize mono
Mono path[0] = 'S:/Unity3D/2022.3.42f1c1/Editor/Data/Managed'
Mono path[1] = 'S:/Unity3D/2022.3.42f1c1/Editor/Data/MonoBleedingEdge/lib/mono/unityjit-win32'
Mono config path = 'S:/Unity3D/2022.3.42f1c1/Editor/Data/MonoBleedingEdge/etc'
Using monoOptions --debugger-agent=transport=dt_socket,embedding=1,server=y,suspend=n,address=127.0.0.1:56956
Begin MonoManager ReloadAssembly
Registering precompiled unity dll's ...
Register platform support module: S:/Unity3D/2022.3.42f1c1/Editor/Data/PlaybackEngines/WindowsStandaloneSupport/UnityEditor.WindowsStandalone.Extensions.dll
Registered in 0.015567 seconds.
- Loaded All Assemblies, in  0.375 seconds
Native extension for WindowsStandalone target not found
Mono: successfully reloaded assembly
- Finished resetting the current domain, in  0.209 seconds
Domain Reload Profiling: 574ms
	BeginReloadAssembly (148ms)
		ExecutionOrderSort (0ms)
		DisableScriptedObjects (0ms)
		BackupInstance (0ms)
		ReleaseScriptingObjects (0ms)
		CreateAndSetChildDomain (1ms)
	RebuildCommonClasses (28ms)
	RebuildNativeTypeToScriptingClass (7ms)
	initialDomainReloadingComplete (77ms)
	LoadAllAssembliesAndSetupDomain (105ms)
		LoadAssemblies (140ms)
		RebuildTransferFunctionScriptingTraits (0ms)
		AnalyzeDomain (103ms)
			TypeCache.Refresh (101ms)
				TypeCache.ScanAssembly (91ms)
			ScanForSourceGeneratedMonoScriptInfo (0ms)
			ResolveRequiredComponents (0ms)
	FinalizeReload (209ms)
		ReleaseScriptCaches (0ms)
		RebuildScriptCaches (0ms)
		SetupLoadedEditorAssemblies (175ms)
			LogAssemblyErrors (0ms)
			InitializePlatformSupportModulesInManaged (10ms)
			SetLoadedEditorAssemblies (7ms)
			RefreshPlugins (0ms)
			BeforeProcessingInitializeOnLoad (2ms)
			ProcessInitializeOnLoadAttributes (115ms)
			ProcessInitializeOnLoadMethodAttributes (41ms)
			AfterProcessingInitializeOnLoad (0ms)
			EditorAssembliesLoaded (0ms)
		ExecutionOrderSort2 (0ms)
		AwakeInstancesAfterBackupRestoration (0ms)
========================================================================
Worker process is ready to serve import requests
Caller must complete domain reload
Begin MonoManager ReloadAssembly
- Loaded All Assemblies, in  0.440 seconds
Native extension for WindowsStandalone target not found
Mono: successfully reloaded assembly
- Finished resetting the current domain, in  0.322 seconds
Domain Reload Profiling: 751ms
	BeginReloadAssembly (170ms)
		ExecutionOrderSort (0ms)
		DisableScriptedObjects (4ms)
		BackupInstance (0ms)
		ReleaseScriptingObjects (0ms)
		CreateAndSetChildDomain (16ms)
	RebuildCommonClasses (27ms)
	RebuildNativeTypeToScriptingClass (7ms)
	initialDomainReloadingComplete (49ms)
	LoadAllAssembliesAndSetupDomain (175ms)
		LoadAssemblies (268ms)
		RebuildTransferFunctionScriptingTraits (0ms)
		AnalyzeDomain (24ms)
			TypeCache.Refresh (18ms)
				TypeCache.ScanAssembly (11ms)
			ScanForSourceGeneratedMonoScriptInfo (3ms)
			ResolveRequiredComponents (1ms)
	FinalizeReload (322ms)
		ReleaseScriptCaches (0ms)
		RebuildScriptCaches (0ms)
		SetupLoadedEditorAssemblies (225ms)
			LogAssemblyErrors (0ms)
			InitializePlatformSupportModulesInManaged (8ms)
			SetLoadedEditorAssemblies (3ms)
			RefreshPlugins (0ms)
			BeforeProcessingInitializeOnLoad (59ms)
			ProcessInitializeOnLoadAttributes (116ms)
			ProcessInitializeOnLoadMethodAttributes (16ms)
			AfterProcessingInitializeOnLoad (24ms)
			EditorAssembliesLoaded (0ms)
		ExecutionOrderSort2 (0ms)
		AwakeInstancesAfterBackupRestoration (9ms)
Launched and connected shader compiler UnityShaderCompiler.exe after 0.04 seconds
Refreshing native plugins compatible for Editor in 1.66 ms, found 0 plugins.
Preloading 0 native plugins for Editor in 0.00 ms.
Unloading 613 Unused Serialized files (Serialized files now loaded: 0)
Unloading 8 unused Assets / (50.1 KB). Loaded Objects now: 1111.
Memory consumption went from 73.1 MB to 73.0 MB.
Total: 1.910400 ms (FindLiveObjects: 0.074200 ms CreateObjectMapping: 0.012300 ms MarkObjects: 1.747000 ms  DeleteObjects: 0.075700 ms)

AssetImportParameters requested are different than current active one (requested -> active):
  custom:video-encoder-webm-vp8: eb34c28f22e8b96e1ab97ce403110664 -> 
  custom:video-decoder-webm-vp8: 9c59270c3fd7afecdb556c50c9e8de78 -> 
  custom:audio-decoder-ogg-vorbis: bf7c407c2cedff20999df2af8eb42d56 -> 
  custom:video-decoder-ogg-theora: a1e56fd34408186e4bbccfd4996cb3dc -> 
  custom:audio-encoder-webm-vorbis: bf7c407c2cedff20999df2af8eb42d56 -> 
  custom:SearchIndexIgnoredProperties: e643bd26f0fe6173181afceb89e7c659 -> 
  custom:container-demuxer-ogg: 62fdf1f143b41e24485cea50d1cbac27 -> 
  custom:AudioImporter_EditorPlatform: d09bf68614088b80899f8185d706f6e7 -> 
  custom:CustomObjectIndexerAttribute: 9a22284fe3817be447336de3de66b15e -> 
  custom:framework-win-MediaFoundation: 216162199b28c13a410421893ffa2e32 -> 
  custom:container-demuxer-webm: 4f35f7cbe854078d1ac9338744f61a02 -> 
  custom:container-muxer-webm: aa71ff27fc2769a1b78a27578f13a17b -> 
  custom:video-codec-MediaFoundation-h265: 746d11721c4dcdbdad8f713fa42b33f4 -> 
========================================================================
Received Prepare
Caller must complete domain reload
Begin MonoManager ReloadAssembly
- Loaded All Assemblies, in  0.550 seconds
Native extension for WindowsStandalone target not found
Mono: successfully reloaded assembly
- Finished resetting the current domain, in  0.561 seconds
Domain Reload Profiling: 1097ms
	BeginReloadAssembly (208ms)
		ExecutionOrderSort (0ms)
		DisableScriptedObjects (4ms)
		BackupInstance (0ms)
		ReleaseScriptingObjects (0ms)
		CreateAndSetChildDomain (15ms)
	RebuildCommonClasses (27ms)
	RebuildNativeTypeToScriptingClass (8ms)
	initialDomainReloadingComplete (95ms)
	LoadAllAssembliesAndSetupDomain (198ms)
		LoadAssemblies (350ms)
		RebuildTransferFunctionScriptingTraits (0ms)
		AnalyzeDomain (5ms)
			TypeCache.Refresh (3ms)
				TypeCache.ScanAssembly (0ms)
			ScanForSourceGeneratedMonoScriptInfo (0ms)
			ResolveRequiredComponents (2ms)
	FinalizeReload (562ms)
		ReleaseScriptCaches (0ms)
		RebuildScriptCaches (0ms)
		SetupLoadedEditorAssemblies (308ms)
			LogAssemblyErrors (0ms)
			InitializePlatformSupportModulesInManaged (8ms)
			SetLoadedEditorAssemblies (4ms)
			RefreshPlugins (0ms)
			BeforeProcessingInitializeOnLoad (74ms)
			ProcessInitializeOnLoadAttributes (157ms)
			ProcessInitializeOnLoadMethodAttributes (19ms)
			AfterProcessingInitializeOnLoad (46ms)
			EditorAssembliesLoaded (0ms)
		ExecutionOrderSort2 (0ms)
		AwakeInstancesAfterBackupRestoration (10ms)
Refreshing native plugins compatible for Editor in 2.63 ms, found 0 plugins.
Preloading 0 native plugins for Editor in 0.00 ms.
Unloading 608 Unused Serialized files (Serialized files now loaded: 0)
Unloading 4 unused Assets / (23.3 KB). Loaded Objects now: 1114.
Memory consumption went from 72.6 MB to 72.6 MB.
Total: 2.075800 ms (FindLiveObjects: 0.091300 ms CreateObjectMapping: 0.020200 ms MarkObjects: 1.903300 ms  DeleteObjects: 0.059600 ms)

Prepare: number of updated asset objects reloaded= 0
AssetImportParameters requested are different than current active one (requested -> active):
  custom:video-encoder-webm-vp8: eb34c28f22e8b96e1ab97ce403110664 -> 
  custom:video-decoder-webm-vp8: 9c59270c3fd7afecdb556c50c9e8de78 -> 
  custom:audio-decoder-ogg-vorbis: bf7c407c2cedff20999df2af8eb42d56 -> 
  custom:video-decoder-ogg-theora: a1e56fd34408186e4bbccfd4996cb3dc -> 
  custom:audio-encoder-webm-vorbis: bf7c407c2cedff20999df2af8eb42d56 -> 
  custom:SearchIndexIgnoredProperties: e643bd26f0fe6173181afceb89e7c659 -> 
  custom:container-demuxer-ogg: 62fdf1f143b41e24485cea50d1cbac27 -> 
  custom:AudioImporter_EditorPlatform: d09bf68614088b80899f8185d706f6e7 -> 
  custom:CustomObjectIndexerAttribute: 9a22284fe3817be447336de3de66b15e -> 
  custom:framework-win-MediaFoundation: 216162199b28c13a410421893ffa2e32 -> 
  custom:container-demuxer-webm: 4f35f7cbe854078d1ac9338744f61a02 -> 
  custom:container-muxer-webm: aa71ff27fc2769a1b78a27578f13a17b -> 
  custom:video-codec-MediaFoundation-h265: 746d11721c4dcdbdad8f713fa42b33f4 -> 
========================================================================
Received Import Request.
  Time since last request: 6472.521678 seconds.
  path: Assets/Script/Atlas/AtlasMgr.cs
  artifactKey: Guid(f78ca138daa9c3340a566fe5ca5a39f7) Importer(815301076,1909f56bfc062723c751e8b465ee728b)
Start importing Assets/Script/Atlas/AtlasMgr.cs using Guid(f78ca138daa9c3340a566fe5ca5a39f7) Importer(815301076,1909f56bfc062723c751e8b465ee728b) [PhysX] Initialized MultithreadedTaskDispatcher with 16 workers.
 -> (artifact id: 'ba0579fbbce5358656c81922cc52244b') in 0.004838 seconds
Number of updated asset objects reloaded before import = 0
Number of asset objects unloaded after import = 0
========================================================================
Received Import Request.
  Time since last request: 15.279705 seconds.
  path: Assets/Script/EventMgr/GameManager.cs
  artifactKey: Guid(88d3cbc1ede144d4a98f84f22a7f205f) Importer(815301076,1909f56bfc062723c751e8b465ee728b)
Start importing Assets/Script/EventMgr/GameManager.cs using Guid(88d3cbc1ede144d4a98f84f22a7f205f) Importer(815301076,1909f56bfc062723c751e8b465ee728b) [PhysX] Initialized MultithreadedTaskDispatcher with 16 workers.
 -> (artifact id: 'ed3771b9c653d759b9c687e81e698b03') in 0.000954 seconds
Number of updated asset objects reloaded before import = 0
Number of asset objects unloaded after import = 0
========================================================================
Received Import Request.
  Time since last request: 4.354030 seconds.
  path: Assets/Script/EventMgr/Login.cs
  artifactKey: Guid(dad29e14cea9b9040b9dbd4c0ae92806) Importer(815301076,1909f56bfc062723c751e8b465ee728b)
Start importing Assets/Script/EventMgr/Login.cs using Guid(dad29e14cea9b9040b9dbd4c0ae92806) Importer(815301076,1909f56bfc062723c751e8b465ee728b) [PhysX] Initialized MultithreadedTaskDispatcher with 16 workers.
 -> (artifact id: 'a4d8d92b916031144bd9ccc543166973') in 0.000807 seconds
Number of updated asset objects reloaded before import = 0
Number of asset objects unloaded after import = 0
========================================================================
Received Import Request.
  Time since last request: 14.682442 seconds.
  path: Assets/Script/EventMgr/Message.cs
  artifactKey: Guid(6cf22876309bd354899742614c728905) Importer(815301076,1909f56bfc062723c751e8b465ee728b)
Start importing Assets/Script/EventMgr/Message.cs using Guid(6cf22876309bd354899742614c728905) Importer(815301076,1909f56bfc062723c751e8b465ee728b) [PhysX] Initialized MultithreadedTaskDispatcher with 16 workers.
 -> (artifact id: 'b221b232f0b5dbdb9efd884072c02ff8') in 0.000898 seconds
Number of updated asset objects reloaded before import = 0
Number of asset objects unloaded after import = 0
========================================================================
Received Import Request.
  Time since last request: 0.648663 seconds.
  path: Assets/Script/EventMgr/MessageEventMgr.cs
  artifactKey: Guid(cbe76c121aa8db8438afd5bd33d46e2d) Importer(815301076,1909f56bfc062723c751e8b465ee728b)
Start importing Assets/Script/EventMgr/MessageEventMgr.cs using Guid(cbe76c121aa8db8438afd5bd33d46e2d) Importer(815301076,1909f56bfc062723c751e8b465ee728b) [PhysX] Initialized MultithreadedTaskDispatcher with 16 workers.
 -> (artifact id: 'f78f59abfeb88c87d49d91a1e82119fd') in 0.001198 seconds
Number of updated asset objects reloaded before import = 0
Number of asset objects unloaded after import = 0
========================================================================
Received Import Request.
  Time since last request: 3.239921 seconds.
  path: Assets/Script/EventMgr/Test.cs
  artifactKey: Guid(b32d7229a31eed34b9da3f59af46a55a) Importer(815301076,1909f56bfc062723c751e8b465ee728b)
Start importing Assets/Script/EventMgr/Test.cs using Guid(b32d7229a31eed34b9da3f59af46a55a) Importer(815301076,1909f56bfc062723c751e8b465ee728b) [PhysX] Initialized MultithreadedTaskDispatcher with 16 workers.
 -> (artifact id: 'bd759807116dfe78a4aac9951a699615') in 0.001035 seconds
Number of updated asset objects reloaded before import = 0
Number of asset objects unloaded after import = 0
========================================================================
Received Import Request.
  Time since last request: 5.019931 seconds.
  path: Assets/Script/Net/Client.cs
  artifactKey: Guid(42440ff03c6b5dd459f66023113aac10) Importer(815301076,1909f56bfc062723c751e8b465ee728b)
Start importing Assets/Script/Net/Client.cs using Guid(42440ff03c6b5dd459f66023113aac10) Importer(815301076,1909f56bfc062723c751e8b465ee728b) [PhysX] Initialized MultithreadedTaskDispatcher with 16 workers.
 -> (artifact id: 'b9b9e976025105aae1eb830c5426a031') in 0.000926 seconds
Number of updated asset objects reloaded before import = 0
Number of asset objects unloaded after import = 0
========================================================================
Received Import Request.
  Time since last request: 3.868858 seconds.
  path: Assets/Script/Net/MsgData.cs
  artifactKey: Guid(4e40e3d8e96dbcc4dbeebe53463ea1f8) Importer(815301076,1909f56bfc062723c751e8b465ee728b)
Start importing Assets/Script/Net/MsgData.cs using Guid(4e40e3d8e96dbcc4dbeebe53463ea1f8) Importer(815301076,1909f56bfc062723c751e8b465ee728b) [PhysX] Initialized MultithreadedTaskDispatcher with 16 workers.
 -> (artifact id: 'a556962c052c5e2b48d03ea57b3e223d') in 0.000935 seconds
Number of updated asset objects reloaded before import = 0
Number of asset objects unloaded after import = 0
========================================================================
Received Import Request.
  Time since last request: 10.238707 seconds.
  path: Assets/Script/Scene/SceneControlManager.cs
  artifactKey: Guid(f38c8914861ab82429362eba92637554) Importer(815301076,1909f56bfc062723c751e8b465ee728b)
Start importing Assets/Script/Scene/SceneControlManager.cs using Guid(f38c8914861ab82429362eba92637554) Importer(815301076,1909f56bfc062723c751e8b465ee728b) [PhysX] Initialized MultithreadedTaskDispatcher with 16 workers.
 -> (artifact id: '866f6858fe0b29a42dcc7839d820f8d8') in 0.001004 seconds
Number of updated asset objects reloaded before import = 0
Number of asset objects unloaded after import = 0
========================================================================
Received Import Request.
  Time since last request: 10.183316 seconds.
  path: Assets/Script/Texture/TextureMgr.cs
  artifactKey: Guid(c22bd4fd623e47b4aa9bab20698f8569) Importer(815301076,1909f56bfc062723c751e8b465ee728b)
Start importing Assets/Script/Texture/TextureMgr.cs using Guid(c22bd4fd623e47b4aa9bab20698f8569) Importer(815301076,1909f56bfc062723c751e8b465ee728b) [PhysX] Initialized MultithreadedTaskDispatcher with 16 workers.
 -> (artifact id: '89fb63b76d1cbd4265f2a92934bcc54f') in 0.000929 seconds
Number of updated asset objects reloaded before import = 0
Number of asset objects unloaded after import = 0
========================================================================
Received Import Request.
  Time since last request: 4.970858 seconds.
  path: Assets/Script/UI/UIMain.cs
  artifactKey: Guid(d20fafcc2a885da4e889f811b72bf494) Importer(815301076,1909f56bfc062723c751e8b465ee728b)
Start importing Assets/Script/UI/UIMain.cs using Guid(d20fafcc2a885da4e889f811b72bf494) Importer(815301076,1909f56bfc062723c751e8b465ee728b) [PhysX] Initialized MultithreadedTaskDispatcher with 16 workers.
 -> (artifact id: '4bdb73d1c30262142e19e651bf28cc10') in 0.000930 seconds
Number of updated asset objects reloaded before import = 0
Number of asset objects unloaded after import = 0
========================================================================
Received Import Request.
  Time since last request: 2.841534 seconds.
  path: Assets/Scripts
  artifactKey: Guid(7de266b7ba0e9274c895b3063d781a7f) Importer(815301076,1909f56bfc062723c751e8b465ee728b)
Start importing Assets/Scripts using Guid(7de266b7ba0e9274c895b3063d781a7f) Importer(815301076,1909f56bfc062723c751e8b465ee728b) [PhysX] Initialized MultithreadedTaskDispatcher with 16 workers.
 -> (artifact id: '7760012c85952014cd2c721c9fc279e9') in 0.008186 seconds
Number of updated asset objects reloaded before import = 0
Number of asset objects unloaded after import = 0
========================================================================
Received Import Request.
  Time since last request: 5.017806 seconds.
  path: Assets/Scripts/ConfigGoods
  artifactKey: Guid(3c9492faa73a9ec4ba3dfe6fd0596d46) Importer(815301076,1909f56bfc062723c751e8b465ee728b)
Start importing Assets/Scripts/ConfigGoods using Guid(3c9492faa73a9ec4ba3dfe6fd0596d46) Importer(815301076,1909f56bfc062723c751e8b465ee728b) [PhysX] Initialized MultithreadedTaskDispatcher with 16 workers.
 -> (artifact id: 'd4f29d595a425151e0ea51e099004c8d') in 0.007855 seconds
Number of updated asset objects reloaded before import = 0
Number of asset objects unloaded after import = 0
========================================================================
Received Import Request.
  Time since last request: 1.222664 seconds.
  path: Assets/Scripts/ConfigGoods/ConfigGoods
  artifactKey: Guid(d2bd8a8411fb918459d83170bae0211b) Importer(815301076,1909f56bfc062723c751e8b465ee728b)
Start importing Assets/Scripts/ConfigGoods/ConfigGoods using Guid(d2bd8a8411fb918459d83170bae0211b) Importer(815301076,1909f56bfc062723c751e8b465ee728b) [PhysX] Initialized MultithreadedTaskDispatcher with 16 workers.
 -> (artifact id: '3931f124df18f7250a717d1f0dbc9f0e') in 0.008532 seconds
Number of updated asset objects reloaded before import = 0
Number of asset objects unloaded after import = 0
========================================================================
Received Import Request.
  Time since last request: 1.046935 seconds.
  path: Assets/Scripts/ConfigGoods/ConfigGoods/EQuality.cs
  artifactKey: Guid(b994a2f9a6dfbde4f918d85085ada856) Importer(815301076,1909f56bfc062723c751e8b465ee728b)
Start importing Assets/Scripts/ConfigGoods/ConfigGoods/EQuality.cs using Guid(b994a2f9a6dfbde4f918d85085ada856) Importer(815301076,1909f56bfc062723c751e8b465ee728b) [PhysX] Initialized MultithreadedTaskDispatcher with 16 workers.
 -> (artifact id: '4d06071edcce37b7c5aff6a6307d6504') in 0.008390 seconds
Number of updated asset objects reloaded before import = 0
Number of asset objects unloaded after import = 0
========================================================================
Received Import Request.
  Time since last request: 2.968210 seconds.
  path: Assets/Scripts/ConfigGoods/ConfigGoods/Goods.cs
  artifactKey: Guid(e2b70cc0221073d49ab01b7b39b949b1) Importer(815301076,1909f56bfc062723c751e8b465ee728b)
Start importing Assets/Scripts/ConfigGoods/ConfigGoods/Goods.cs using Guid(e2b70cc0221073d49ab01b7b39b949b1) Importer(815301076,1909f56bfc062723c751e8b465ee728b) [PhysX] Initialized MultithreadedTaskDispatcher with 16 workers.
 -> (artifact id: '947ea313021f01b896ec5374c7d6643a') in 0.009049 seconds
Number of updated asset objects reloaded before import = 0
Number of asset objects unloaded after import = 0
========================================================================
Received Import Request.
  Time since last request: 5.737659 seconds.
  path: Assets/Scripts/ConfigGoods/ConfigGoods/GoodsType.cs
  artifactKey: Guid(818e7df2d1952854ea796f04948dcaa4) Importer(815301076,1909f56bfc062723c751e8b465ee728b)
Start importing Assets/Scripts/ConfigGoods/ConfigGoods/GoodsType.cs using Guid(818e7df2d1952854ea796f04948dcaa4) Importer(815301076,1909f56bfc062723c751e8b465ee728b) [PhysX] Initialized MultithreadedTaskDispatcher with 16 workers.
 -> (artifact id: '1f2aad4b966d578098d142d147811a48') in 0.009038 seconds
Number of updated asset objects reloaded before import = 0
Number of asset objects unloaded after import = 0
========================================================================
Received Import Request.
  Time since last request: 1.353403 seconds.
  path: Assets/Scripts/ConfigGoods/ConfigGoods/TbGoods.cs
  artifactKey: Guid(9f1bf955bae9d264c849d3aab18814eb) Importer(815301076,1909f56bfc062723c751e8b465ee728b)
Start importing Assets/Scripts/ConfigGoods/ConfigGoods/TbGoods.cs using Guid(9f1bf955bae9d264c849d3aab18814eb) Importer(815301076,1909f56bfc062723c751e8b465ee728b) [PhysX] Initialized MultithreadedTaskDispatcher with 16 workers.
 -> (artifact id: '58177600c129bd7a1b60aea089b5982d') in 0.008043 seconds
Number of updated asset objects reloaded before import = 0
Number of asset objects unloaded after import = 0
========================================================================
Received Import Request.
  Time since last request: 30.891645 seconds.
  path: Assets/Scripts/ConfigGoods/item/ItemExchange.cs
  artifactKey: Guid(7d85b54a9234a124dad75eafcc134386) Importer(815301076,1909f56bfc062723c751e8b465ee728b)
Start importing Assets/Scripts/ConfigGoods/item/ItemExchange.cs using Guid(7d85b54a9234a124dad75eafcc134386) Importer(815301076,1909f56bfc062723c751e8b465ee728b) [PhysX] Initialized MultithreadedTaskDispatcher with 16 workers.
 -> (artifact id: '283878d7b607cb39e977e4a9e0dfafe2') in 0.008465 seconds
Number of updated asset objects reloaded before import = 0
Number of asset objects unloaded after import = 0
========================================================================
Received Import Request.
  Time since last request: 3.213501 seconds.
  path: Assets/Scripts/ConfigGoods/test/AccessFlag.cs
  artifactKey: Guid(8e4309a9cace0a94daccc4259c465b06) Importer(815301076,1909f56bfc062723c751e8b465ee728b)
Start importing Assets/Scripts/ConfigGoods/test/AccessFlag.cs using Guid(8e4309a9cace0a94daccc4259c465b06) Importer(815301076,1909f56bfc062723c751e8b465ee728b) [PhysX] Initialized MultithreadedTaskDispatcher with 16 workers.
 -> (artifact id: '7b1b87ac7dccb8fa4914be5fdc42b479') in 0.008855 seconds
Number of updated asset objects reloaded before import = 0
Number of asset objects unloaded after import = 0
========================================================================
Received Import Request.
  Time since last request: 0.696906 seconds.
  path: Assets/Scripts/ConfigGoods/test/TestExcelBean1.cs
  artifactKey: Guid(478c1f5a0b4f6a84aa1e7b8da7352789) Importer(815301076,1909f56bfc062723c751e8b465ee728b)
Start importing Assets/Scripts/ConfigGoods/test/TestExcelBean1.cs using Guid(478c1f5a0b4f6a84aa1e7b8da7352789) Importer(815301076,1909f56bfc062723c751e8b465ee728b) [PhysX] Initialized MultithreadedTaskDispatcher with 16 workers.
 -> (artifact id: '2162b9cec22e4cd4d2b754eacdf44369') in 0.008639 seconds
Number of updated asset objects reloaded before import = 0
Number of asset objects unloaded after import = 0
========================================================================
Received Import Request.
  Time since last request: 0.431228 seconds.
  path: Assets/Scripts/ConfigGoods/test/TestExcelBean2.cs
  artifactKey: Guid(a88294a254d09db4e989047e80057012) Importer(815301076,1909f56bfc062723c751e8b465ee728b)
Start importing Assets/Scripts/ConfigGoods/test/TestExcelBean2.cs using Guid(a88294a254d09db4e989047e80057012) Importer(815301076,1909f56bfc062723c751e8b465ee728b) [PhysX] Initialized MultithreadedTaskDispatcher with 16 workers.
 -> (artifact id: 'c76f885538ff2d62f2a5600204810149') in 0.007715 seconds
Number of updated asset objects reloaded before import = 0
Number of asset objects unloaded after import = 0
========================================================================
Received Import Request.
  Time since last request: 5.037860 seconds.
  path: Assets/Scripts/ConfigGoods/Tables.cs
  artifactKey: Guid(d06952609c6985142a8c4439e97a501d) Importer(815301076,1909f56bfc062723c751e8b465ee728b)
Start importing Assets/Scripts/ConfigGoods/Tables.cs using Guid(d06952609c6985142a8c4439e97a501d) Importer(815301076,1909f56bfc062723c751e8b465ee728b) [PhysX] Initialized MultithreadedTaskDispatcher with 16 workers.
 -> (artifact id: '61504dcb50038aa9d6c1bb2f64b2355c') in 0.007507 seconds
Number of updated asset objects reloaded before import = 0
Number of asset objects unloaded after import = 0
========================================================================
Received Import Request.
  Time since last request: 0.632246 seconds.
  path: Assets/Scripts/ConfigGoods/vector2.cs
  artifactKey: Guid(543a91be5d391234496de83fa73e74be) Importer(815301076,1909f56bfc062723c751e8b465ee728b)
Start importing Assets/Scripts/ConfigGoods/vector2.cs using Guid(543a91be5d391234496de83fa73e74be) Importer(815301076,1909f56bfc062723c751e8b465ee728b) [PhysX] Initialized MultithreadedTaskDispatcher with 16 workers.
 -> (artifact id: 'beda813e61be3a630955f4fa4bc4e975') in 0.008080 seconds
Number of updated asset objects reloaded before import = 0
Number of asset objects unloaded after import = 0
========================================================================
Received Import Request.
  Time since last request: 0.682579 seconds.
  path: Assets/Scripts/ConfigGoods/vector3.cs
  artifactKey: Guid(495e67509fb08104e941a81171e2ec42) Importer(815301076,1909f56bfc062723c751e8b465ee728b)
Start importing Assets/Scripts/ConfigGoods/vector3.cs using Guid(495e67509fb08104e941a81171e2ec42) Importer(815301076,1909f56bfc062723c751e8b465ee728b) [PhysX] Initialized MultithreadedTaskDispatcher with 16 workers.
 -> (artifact id: 'd8d35cc4891f4565116e67d0a540f3b2') in 0.008414 seconds
Number of updated asset objects reloaded before import = 0
Number of asset objects unloaded after import = 0
========================================================================
Received Import Request.
  Time since last request: 4.027753 seconds.
  path: Assets/Scripts/ConfigGoods/vector4.cs
  artifactKey: Guid(66d689cd994aef94dadbbfd35291a71d) Importer(815301076,1909f56bfc062723c751e8b465ee728b)
Start importing Assets/Scripts/ConfigGoods/vector4.cs using Guid(66d689cd994aef94dadbbfd35291a71d) Importer(815301076,1909f56bfc062723c751e8b465ee728b) [PhysX] Initialized MultithreadedTaskDispatcher with 16 workers.
 -> (artifact id: '0ca4bda55f1528c8e14e65d13b99b836') in 0.007960 seconds
Number of updated asset objects reloaded before import = 0
Number of asset objects unloaded after import = 0
========================================================================
Received Import Request.
  Time since last request: 9.430342 seconds.
  path: Assets/Utillities/Editor/RangePropertyDrawer.cs
  artifactKey: Guid(1eefccc24adb7c54a990dc0f9e669651) Importer(815301076,1909f56bfc062723c751e8b465ee728b)
Start importing Assets/Utillities/Editor/RangePropertyDrawer.cs using Guid(1eefccc24adb7c54a990dc0f9e669651) Importer(815301076,1909f56bfc062723c751e8b465ee728b) [PhysX] Initialized MultithreadedTaskDispatcher with 16 workers.
 -> (artifact id: 'e8d67bd5dc5940008c7e80eaf8726227') in 0.000891 seconds
Number of updated asset objects reloaded before import = 0
Number of asset objects unloaded after import = 0
========================================================================
Received Import Request.
  Time since last request: 11.794884 seconds.
  path: Assets/Script/AI/ChaseState.cs
  artifactKey: Guid(9a736adce77478e49b8fb8bb7a756364) Importer(815301076,1909f56bfc062723c751e8b465ee728b)
Start importing Assets/Script/AI/ChaseState.cs using Guid(9a736adce77478e49b8fb8bb7a756364) Importer(815301076,1909f56bfc062723c751e8b465ee728b) [PhysX] Initialized MultithreadedTaskDispatcher with 16 workers.
 -> (artifact id: '0893fcbde03b3ea485c040d44551c849') in 0.000892 seconds
Number of updated asset objects reloaded before import = 0
Number of asset objects unloaded after import = 0
